SF:lib/key_constants.dart
DA:47,9
DA:48,3
DA:53,3
DA:58,3
DA:65,4
DA:67,3
DA:68,1
DA:69,1
LF:8
LH:8
end_of_record
SF:lib/models/quotes.dart
DA:37,4
DA:39,1
DA:40,1
DA:41,1
DA:42,1
DA:43,1
LF:6
LH:6
end_of_record
SF:lib/services/quotes_service.dart
DA:38,1
DA:40,1
DA:41,1
DA:42,2
DA:43,2
DA:44,2
DA:46,1
DA:47,3
DA:48,1
DA:52,0
LF:10
LH:9
end_of_record
SF:lib/notifiers/login_notifier.dart
DA:37,2
DA:39,1
DA:40,1
DA:41,1
DA:42,2
DA:43,1
DA:44,1
DA:49,5
LF:8
LH:8
end_of_record
SF:lib/notifiers/quotes_notifier.dart
DA:41,3
DA:44,6
DA:47,6
DA:49,3
DA:50,3
DA:51,3
DA:54,3
DA:55,3
DA:57,9
DA:58,3
DA:62,0
DA:63,4
DA:64,2
LF:13
LH:12
end_of_record
SF:lib/pages/all_quotes_screen.dart
DA:38,2
DA:40,2
DA:41,2
DA:45,2
DA:47,2
DA:48,2
DA:49,10
DA:53,2
DA:55,2
DA:56,2
DA:59,2
DA:60,2
DA:61,4
DA:62,2
DA:67,2
DA:68,2
DA:69,4
DA:70,2
DA:71,4
DA:72,2
DA:75,2
DA:76,2
DA:77,2
DA:79,2
DA:81,2
DA:82,4
DA:83,2
DA:85,2
DA:86,4
DA:87,2
LF:30
LH:30
end_of_record
SF:lib/pages/login_screen.dart
DA:40,1
DA:43,1
DA:45,2
DA:46,1
DA:47,1
DA:48,1
DA:49,1
DA:51,1
DA:52,1
DA:53,1
DA:54,1
DA:55,1
DA:57,1
DA:60,1
DA:63,1
DA:65,1
DA:67,1
DA:71,1
DA:73,1
DA:77,1
DA:79,1
DA:80,1
DA:85,1
DA:87,1
DA:89,1
DA:90,2
DA:95,1
DA:97,1
DA:98,1
DA:103,1
DA:105,1
DA:108,1
DA:110,1
DA:111,3
DA:112,1
DA:114,1
DA:116,1
DA:117,2
DA:122,1
DA:123,1
DA:127,1
LF:41
LH:41
end_of_record
